<?xml version="1.0" encoding="UTF-8"?>
<testng-results ignored="0" total="1" passed="1" failed="0" skipped="0">
  <reporter-output>
  </reporter-output>
  <suite started-at="2025-02-28T18:15:43 IST" name="LoginTestcase" finished-at="2025-02-28T18:15:53 IST" duration-ms="9991">
    <groups>
    </groups>
    <test started-at="2025-02-28T18:15:43 IST" name="Test" finished-at="2025-02-28T18:15:53 IST" duration-ms="9991">
      <class name="orangehrm.test.TestLoginFunctionality">
        <test-method signature="login()[pri:0, instance:orangehrm.test.TestLoginFunctionality@c33b74f]" started-at="2025-02-28T18:15:43 IST" name="login" finished-at="2025-02-28T18:15:53 IST" duration-ms="9940" status="PASS">
          <reporter-output>
          </reporter-output>
        </test-method> <!-- login -->
      </class> <!-- orangehrm.test.TestLoginFunctionality -->
    </test> <!-- Test -->
  </suite> <!-- LoginTestcase -->
</testng-results>
