<?xml version="1.0" encoding="UTF-8"?>
<testng-results ignored="0" total="1" passed="1" failed="0" skipped="0">
  <reporter-output>
    <line>
      <![CDATA[Username is entered]]>
    </line>
    <line>
      <![CDATA[Password is entered]]>
    </line>
    <line>
      <![CDATA[Login button is clicked]]>
    </line>
  </reporter-output>
  <suite started-at="2025-03-04T15:44:25 IST" name="Default suite" finished-at="2025-03-04T15:44:37 IST" duration-ms="11977">
    <groups>
    </groups>
    <test started-at="2025-03-04T15:44:25 IST" name="Default test" finished-at="2025-03-04T15:44:37 IST" duration-ms="11977">
      <class name="orangehrm.test.TestLoginFunctionality">
        <test-method signature="login()[pri:0, instance:orangehrm.test.TestLoginFunctionality@393671df]" started-at="2025-03-04T15:44:25 IST" name="login" finished-at="2025-03-04T15:44:37 IST" duration-ms="11940" status="PASS">
          <reporter-output>
            <line>
              <![CDATA[Username is entered]]>
            </line>
            <line>
              <![CDATA[Password is entered]]>
            </line>
            <line>
              <![CDATA[Login button is clicked]]>
            </line>
          </reporter-output>
        </test-method> <!-- login -->
      </class> <!-- orangehrm.test.TestLoginFunctionality -->
    </test> <!-- Default test -->
  </suite> <!-- Default suite -->
</testng-results>
