<?xml version="1.0" encoding="UTF-8"?>
<!-- Generated by org.testng.reporters.JUnitXMLReporter -->
<testsuite ignored="1" hostname="DESKTOP-RGVI8T0" failures="0" tests="2" name="Test" time="14.465" errors="0" timestamp="2025-03-04T15:39:42 IST">
  <testcase classname="orangehrm.testclass.LoginTest" name="loginWithValidIdAndPassword" time="6.801"/>
  <testcase classname="orangehrm.testclass.HomepageLogout" name="logoutfromOrangehrmHomepage" time="7.631"/>
  <testcase classname="orangehrm.testclass.DriverClass" name="@BeforeSuite initDriver" time="0.0">
    <ignored/>
  </testcase> <!-- @BeforeSuite initDriver -->
</testsuite> <!-- Test -->
